2020-05-28 16:35:02,187 root  INFO     Building a dataset from annotations.txt.
2020-05-28 16:35:02,189 root  INFO     Output file: test.tfrecords
2020-05-28 16:35:02,192 root  INFO     Processed 1 pairs.
2020-05-28 16:35:28,046 root  INFO     phase: test
2020-05-28 16:35:28,049 root  INFO     model_dir: models/Attention-OCR_car_plate_recognition
2020-05-28 16:35:28,049 root  INFO     load_model: True
2020-05-28 16:35:28,052 root  INFO     output_dir: ./results
2020-05-28 16:35:28,052 root  INFO     steps_per_checkpoint: 0
2020-05-28 16:35:28,053 root  INFO     batch_size: 1
2020-05-28 16:35:28,054 root  INFO     learning_rate: 1.000000
2020-05-28 16:35:28,054 root  INFO     reg_val: 0
2020-05-28 16:35:28,054 root  INFO     max_gradient_norm: 5.000000
2020-05-28 16:35:28,055 root  INFO     clip_gradients: True
2020-05-28 16:35:28,055 root  INFO     max_image_width 250.000000
2020-05-28 16:35:28,055 root  INFO     max_prediction_length 9.000000
2020-05-28 16:35:28,055 root  INFO     channels: 1
2020-05-28 16:35:28,055 root  INFO     target_embedding_size: 10.000000
2020-05-28 16:35:28,055 root  INFO     attn_num_hidden: 128
2020-05-28 16:35:28,055 root  INFO     attn_num_layers: 2
2020-05-28 16:35:28,055 root  INFO     visualize: False
2020-05-28 16:35:30,015 root  INFO     Reading model parameters from models/Attention-OCR_car_plate_recognition/model.ckpt-39000
2020-05-28 16:35:32,792 root  INFO     Step 1 (1.515s). Accuracy: 11.11%, loss: 11.956569, perplexity: 1.55837e+05, probability: 99.97%  11% (A568AY750 vs X000XX000) 
